<?xml version="1.0" encoding="UTF-8"?>
<testsuites>
    <testsuite name="detect-win;horizontal-win" tests="7" failures="1" skipped="6">
        <properties>
            <property name="URI" value="/Applications/AMPPS/www/MVT18/connect-4/features/detects-win.feature">
            </property>
        </properties>
        <testcase name="Given that I goto the game page" classname="detect-win;horizontal-win" time="1.662242307">
            <failure message="UnexpectedAlertOpenError: unexpected alert open: {Alert text : YOU LOOSE!}">UnexpectedAlertOpenError: unexpected alert open: {Alert text : YOU LOOSE!}
  (Session info: chrome=74.0.3729.131)
  (Driver info: chromedriver=2.46.628411 (3324f4c8be9ff2f70a05a30ebc72ffb013e1a71e),platform=Mac OS X 10.13.6 x86_64)
    at Object.checkLegacyResponse (/Applications/AMPPS/www/MVT18/connect-4/node_modules/selenium-webdriver/lib/error.js:536:13)
    at parseHttpResponse (/Applications/AMPPS/www/MVT18/connect-4/node_modules/selenium-webdriver/lib/http.js:509:13)
    at doSend.then.response (/Applications/AMPPS/www/MVT18/connect-4/node_modules/selenium-webdriver/lib/http.js:441:30)
    at process._tickCallback (internal/process/next_tick.js:68:7)
From: Task: WebDriver.findElements(By(css selector, body))
    at thenableWebDriverProxy.schedule (/Applications/AMPPS/www/MVT18/connect-4/node_modules/selenium-webdriver/lib/webdriver.js:807:17)
    at thenableWebDriverProxy.findElements (/Applications/AMPPS/www/MVT18/connect-4/node_modules/selenium-webdriver/lib/webdriver.js:1048:22)
    at /Applications/AMPPS/www/MVT18/connect-4/node_modules/selenium-webdriver/lib/until.js:243:23
    at /Applications/AMPPS/www/MVT18/connect-4/node_modules/selenium-webdriver/lib/webdriver.js:938:14
    at TaskQueue.execute_ (/Applications/AMPPS/www/MVT18/connect-4/node_modules/selenium-webdriver/lib/promise.js:3092:14)
    at TaskQueue.executeNext_ (/Applications/AMPPS/www/MVT18/connect-4/node_modules/selenium-webdriver/lib/promise.js:3075:27)
    at asyncRun (/Applications/AMPPS/www/MVT18/connect-4/node_modules/selenium-webdriver/lib/promise.js:2982:25)
    at /Applications/AMPPS/www/MVT18/connect-4/node_modules/selenium-webdriver/lib/promise.js:676:7
    at process._tickCallback (internal/process/next_tick.js:68:7)
From: Task: &lt;anonymous&gt;
    at pollCondition (/Applications/AMPPS/www/MVT18/connect-4/node_modules/selenium-webdriver/lib/promise.js:2203:19)
    at /Applications/AMPPS/www/MVT18/connect-4/node_modules/selenium-webdriver/lib/promise.js:2199:7
    at new ManagedPromise (/Applications/AMPPS/www/MVT18/connect-4/node_modules/selenium-webdriver/lib/promise.js:1085:7)
    at ControlFlow.promise (/Applications/AMPPS/www/MVT18/connect-4/node_modules/selenium-webdriver/lib/promise.js:2513:12)
    at /Applications/AMPPS/www/MVT18/connect-4/node_modules/selenium-webdriver/lib/promise.js:2198:22
    at TaskQueue.execute_ (/Applications/AMPPS/www/MVT18/connect-4/node_modules/selenium-webdriver/lib/promise.js:3092:14)
    at TaskQueue.executeNext_ (/Applications/AMPPS/www/MVT18/connect-4/node_modules/selenium-webdriver/lib/promise.js:3075:27)
    at asyncRun (/Applications/AMPPS/www/MVT18/connect-4/node_modules/selenium-webdriver/lib/promise.js:2982:25)
    at /Applications/AMPPS/www/MVT18/connect-4/node_modules/selenium-webdriver/lib/promise.js:676:7
    at process._tickCallback (internal/process/next_tick.js:68:7)
From: Task: Waiting for element to be located By(css selector, body)
    at scheduleWait (/Applications/AMPPS/www/MVT18/connect-4/node_modules/selenium-webdriver/lib/promise.js:2196:20)
    at ControlFlow.wait (/Applications/AMPPS/www/MVT18/connect-4/node_modules/selenium-webdriver/lib/promise.js:2525:12)
    at thenableWebDriverProxy.wait (/Applications/AMPPS/www/MVT18/connect-4/node_modules/selenium-webdriver/lib/webdriver.js:934:29)
    at /Applications/AMPPS/www/MVT18/connect-4/node_modules/selenium-cucumber-js/runtime/helpers.js:20:27
    at ManagedPromise.invokeCallback_ (/Applications/AMPPS/www/MVT18/connect-4/node_modules/selenium-webdriver/lib/promise.js:1384:14)
    at TaskQueue.execute_ (/Applications/AMPPS/www/MVT18/connect-4/node_modules/selenium-webdriver/lib/promise.js:3092:14)
    at TaskQueue.executeNext_ (/Applications/AMPPS/www/MVT18/connect-4/node_modules/selenium-webdriver/lib/promise.js:3075:27)
    at asyncRun (/Applications/AMPPS/www/MVT18/connect-4/node_modules/selenium-webdriver/lib/promise.js:2935:27)
    at /Applications/AMPPS/www/MVT18/connect-4/node_modules/selenium-webdriver/lib/promise.js:676:7
    at process._tickCallback (internal/process/next_tick.js:68:7)</failure>
        </testcase>
        <testcase name="When I choose to play as two human players" classname="detect-win;horizontal-win">
            <skipped message="">
            </skipped>
        </testcase>
        <testcase name="And with two different names" classname="detect-win;horizontal-win">
            <skipped message="">
            </skipped>
        </testcase>
        <testcase name="And press the BÃ¶rja spela-button" classname="detect-win;horizontal-win">
            <skipped message="">
            </skipped>
        </testcase>
        <testcase name="Then the game should start" classname="detect-win;horizontal-win">
            <skipped message="">
            </skipped>
        </testcase>
        <testcase name="When the first player plays 4 bricks in a row horizontally" classname="detect-win;horizontal-win">
            <skipped message="">
            </skipped>
        </testcase>
        <testcase name="Then he/she should win" classname="detect-win;horizontal-win">
            <skipped message="">
            </skipped>
        </testcase>
    </testsuite>
</testsuites>