<?xml version="1.0" encoding="UTF-8"?>
<testsuites>
    <testsuite name="detect-win;horizontal-win" tests="7" failures="1" skipped="0">
        <properties>
            <property name="URI" value="/Applications/AMPPS/www/MVT18/connect-4/features/detects-win.feature">
            </property>
        </properties>
        <testcase name="Given that I goto the game page" classname="detect-win;horizontal-win" time="1.795332775">
        </testcase>
        <testcase name="When I choose to play as two human players" classname="detect-win;horizontal-win" time="2.256133793">
        </testcase>
        <testcase name="And with two different names" classname="detect-win;horizontal-win" time="2.186846414">
        </testcase>
        <testcase name="And press the BÃ¶rja spela-button" classname="detect-win;horizontal-win" time="1.014632827">
        </testcase>
        <testcase name="Then the game should start" classname="detect-win;horizontal-win" time="2.037629418">
        </testcase>
        <testcase name="When the first player plays 4 bricks in a row horizontally" classname="detect-win;horizontal-win" time="5.074091817">
        </testcase>
        <testcase name="Then he/she should win" classname="detect-win;horizontal-win" time="0.00082788">
            <failure message="function accepts a callback and returns a promise">function accepts a callback and returns a promise</failure>
        </testcase>
    </testsuite>
</testsuites>