<?xml version="1.0" encoding="UTF-8"?>
<testsuites>
    <testsuite name="detect-win;horizontal-win" tests="7" failures="1" skipped="3">
        <properties>
            <property name="URI" value="/Applications/AMPPS/www/MVT18/connect-4-initial/features/detects-win.feature">
            </property>
        </properties>
        <testcase name="Given that I goto the game page" classname="detect-win;horizontal-win" time="2.338379835">
        </testcase>
        <testcase name="When I choose to play as two human players" classname="detect-win;horizontal-win" time="2.316736442">
        </testcase>
        <testcase name="And with two different names" classname="detect-win;horizontal-win" time="2.192111881">
        </testcase>
        <testcase name="And press the BÃ¶rja spela-button" classname="detect-win;horizontal-win" time="0.013033386">
            <failure message="TypeError: Cannot read property &apos;click&apos; of null">TypeError: Cannot read property &apos;click&apos; of null
    at createWorld.&lt;anonymous&gt; (/Applications/AMPPS/www/MVT18/connect-4-initial/step-definitions/detects-win.js:41:17)
    at process._tickCallback (internal/process/next_tick.js:68:7)</failure>
        </testcase>
        <testcase name="Then the game should start" classname="detect-win;horizontal-win">
            <skipped message="">
            </skipped>
        </testcase>
        <testcase name="When the first player plays 4 bricks in a row horizontally" classname="detect-win;horizontal-win">
            <skipped message="">
            </skipped>
        </testcase>
        <testcase name="Then he/she should win" classname="detect-win;horizontal-win">
            <skipped message="">
            </skipped>
        </testcase>
    </testsuite>
</testsuites>