<?xml version="1.0" encoding="UTF-8"?>
<testsuites>
    <testsuite name="detect-win;horizontal-win" tests="7" failures="0" skipped="1">
        <properties>
            <property name="URI" value="/Applications/AMPPS/www/MVT18/connect-4/features/detects-win.feature">
            </property>
        </properties>
        <testcase name="Given that I goto the game page" classname="detect-win;horizontal-win" time="1.834740712">
        </testcase>
        <testcase name="When I choose to play as two human players" classname="detect-win;horizontal-win" time="2.297335296">
        </testcase>
        <testcase name="And with two different names" classname="detect-win;horizontal-win" time="2.20426788">
        </testcase>
        <testcase name="And press the BÃ¶rja spela-button" classname="detect-win;horizontal-win" time="1.01515044">
        </testcase>
        <testcase name="Then the game should start" classname="detect-win;horizontal-win" time="2.030005804">
        </testcase>
        <testcase name="When the first player plays 4 bricks in a row horizontally" classname="detect-win;horizontal-win" time="5.091367126">
        </testcase>
        <testcase name="Then he/she should win" classname="detect-win;horizontal-win">
            <skipped message="">
            </skipped>
        </testcase>
    </testsuite>
</testsuites>