<?xml version="1.0" encoding="UTF-8"?>
<testsuites>
    <testsuite name="detect-win;horizontal-win" tests="7" failures="0" skipped="0">
        <properties>
            <property name="URI" value="/Applications/AMPPS/www/MVT18/connect-4/features/detects-win.feature">
            </property>
        </properties>
        <testcase name="Given that I goto the game page" classname="detect-win;horizontal-win" time="2.041393719">
        </testcase>
        <testcase name="When I choose to play as two human players" classname="detect-win;horizontal-win" time="2.259575332">
        </testcase>
        <testcase name="And with two different names" classname="detect-win;horizontal-win" time="2.210675478">
        </testcase>
        <testcase name="And press the BÃ¶rja spela-button" classname="detect-win;horizontal-win" time="1.015482993">
        </testcase>
        <testcase name="Then the game should start" classname="detect-win;horizontal-win" time="2.030350275">
        </testcase>
        <testcase name="When the first player plays 4 bricks in a row horizontally" classname="detect-win;horizontal-win" time="5.083918929">
        </testcase>
        <testcase name="Then he/she should win" classname="detect-win;horizontal-win" time="0.00017125">
        </testcase>
    </testsuite>
</testsuites>